-------------------------------------------------------------------------------
Test set: test.CarritoCompraSpringApplicationTest
-------------------------------------------------------------------------------
Tests run: 1, Failures: 0, Errors: 1, Skipped: 0, Time elapsed: 0.123 s <<< FAILURE! - in test.CarritoCompraSpringApplicationTest
test.CarritoCompraSpringApplicationTest  Time elapsed: 0.121 s  <<< ERROR!
java.lang.IllegalStateException: Unable to find a @SpringBootConfiguration, you need to use @ContextConfiguration or @SpringBootTest(classes=...) with your test

